<?xml version="1.0" encoding="UTF-8"?>
<beans xmlns="http://www.springframework.org/schema/beans"
	xmlns:xsi="http://www.w3.org/2001/XMLSchema-instance"
	xsi:schemaLocation="http://www.springframework.org/schema/beans http://www.springframework.org/schema/beans/spring-beans.xsd">
	
	<!-- dataSource 빈 -->
	<bean id="dataSource" class="org.springframework.jdbc.datasource.SimpleDriverDataSource">
		<!-- 1-47 XML을 이용한 DB 연결 정보 -->
		<property name="driverClass" value="org.mariadb.jdbc.Driver"/>
		<property name="url" value="jdbc:mariadb://127.0.0.1:3306/testdb"/>
		<property name="username" value="root" />
		<property name="password" value="111111" />
	</bean>
	
	<bean id="userDao" class="me.minjae.spring.user.dao.UserDao">
		<property name="dataSource" ref="dataSource" />
	</bean>
	
</beans>
